Performing C SOURCE FILE Test CMAKE_HAVE_LIBC_PTHREAD failed with the following output:
Change Dir: /home/olya/study/programming/poc/kyiv/Kyiv_emu/Kyiv_emulator/cmake-build-debug/CMakeFiles/CMakeTmp

Run Build Command(s):/usr/bin/make -f Makefile cmTC_74d95/fast && /usr/bin/make  -f CMakeFiles/cmTC_74d95.dir/build.make CMakeFiles/cmTC_74d95.dir/build
make[1]: Entering directory '/home/olya/study/programming/poc/kyiv/Kyiv_emu/Kyiv_emulator/cmake-build-debug/CMakeFiles/CMakeTmp'
Building C object CMakeFiles/cmTC_74d95.dir/src.c.o
/usr/bin/cc -DCMAKE_HAVE_LIBC_PTHREAD   -o CMakeFiles/cmTC_74d95.dir/src.c.o -c /home/olya/study/programming/poc/kyiv/Kyiv_emu/Kyiv_emulator/cmake-build-debug/CMakeFiles/CMakeTmp/src.c
Linking C executable cmTC_74d95
/opt/clion/bin/cmake/linux/bin/cmake -E cmake_link_script CMakeFiles/cmTC_74d95.dir/link.txt --verbose=1
/usr/bin/cc -rdynamic CMakeFiles/cmTC_74d95.dir/src.c.o -o cmTC_74d95 
/usr/bin/ld: CMakeFiles/cmTC_74d95.dir/src.c.o: in function `main':
src.c:(.text+0x3e): undefined reference to `pthread_create'
/usr/bin/ld: src.c:(.text+0x4a): undefined reference to `pthread_detach'
/usr/bin/ld: src.c:(.text+0x56): undefined reference to `pthread_cancel'
/usr/bin/ld: src.c:(.text+0x67): undefined reference to `pthread_join'
collect2: error: ld returned 1 exit status
make[1]: *** [CMakeFiles/cmTC_74d95.dir/build.make:99: cmTC_74d95] Error 1
make[1]: Leaving directory '/home/olya/study/programming/poc/kyiv/Kyiv_emu/Kyiv_emulator/cmake-build-debug/CMakeFiles/CMakeTmp'
make: *** [Makefile:127: cmTC_74d95/fast] Error 2


Source file was:
#include <pthread.h>

static void* test_func(void* data)
{
  return data;
}

int main(void)
{
  pthread_t thread;
  pthread_create(&thread, NULL, test_func, NULL);
  pthread_detach(thread);
  pthread_cancel(thread);
  pthread_join(thread, NULL);
  pthread_atfork(NULL, NULL, NULL);
  pthread_exit(NULL);

  return 0;
}

Determining if the function pthread_create exists in the pthreads failed with the following output:
Change Dir: /home/olya/study/programming/poc/kyiv/Kyiv_emu/Kyiv_emulator/cmake-build-debug/CMakeFiles/CMakeTmp

Run Build Command(s):/usr/bin/make -f Makefile cmTC_a805b/fast && /usr/bin/make  -f CMakeFiles/cmTC_a805b.dir/build.make CMakeFiles/cmTC_a805b.dir/build
make[1]: Entering directory '/home/olya/study/programming/poc/kyiv/Kyiv_emu/Kyiv_emulator/cmake-build-debug/CMakeFiles/CMakeTmp'
Building C object CMakeFiles/cmTC_a805b.dir/CheckFunctionExists.c.o
/usr/bin/cc   -DCHECK_FUNCTION_EXISTS=pthread_create -o CMakeFiles/cmTC_a805b.dir/CheckFunctionExists.c.o -c /opt/clion/bin/cmake/linux/share/cmake-3.20/Modules/CheckFunctionExists.c
Linking C executable cmTC_a805b
/opt/clion/bin/cmake/linux/bin/cmake -E cmake_link_script CMakeFiles/cmTC_a805b.dir/link.txt --verbose=1
/usr/bin/cc  -DCHECK_FUNCTION_EXISTS=pthread_create -rdynamic CMakeFiles/cmTC_a805b.dir/CheckFunctionExists.c.o -o cmTC_a805b  -lpthreads 
/usr/bin/ld: cannot find -lpthreads
collect2: error: ld returned 1 exit status
make[1]: *** [CMakeFiles/cmTC_a805b.dir/build.make:99: cmTC_a805b] Error 1
make[1]: Leaving directory '/home/olya/study/programming/poc/kyiv/Kyiv_emu/Kyiv_emulator/cmake-build-debug/CMakeFiles/CMakeTmp'
make: *** [Makefile:127: cmTC_a805b/fast] Error 2



